<?xml version="1.0" encoding="UTF-8"?>
<!-- Generated by org.testng.reporters.JUnitXMLReporter -->
<testsuite hostname="DESKTOP-IG075DS" ignored="0" name="Test" tests="5" failures="0" timestamp="21 Mar 2025 19:19:19 GMT" time="3.769" errors="0">
  <testcase name="createUser" time="2.457" classname="day8.ChainingCreateUser"/>
  <testcase name="getUser" time="0.38" classname="day8.ChainingGetUser"/>
  <testcase name="updateUser" time="0.348" classname="day8.ChainingUpdateUser"/>
  <testcase name="getUser" time="0.29" classname="day8.ChainingGetUser2"/>
  <testcase name="deleteUser" time="0.261" classname="day8.ChainingDeleteUser"/>
</testsuite> <!-- Test -->
