<?xml version="1.0" encoding="UTF-8"?>
<testng-results skipped="0" failed="0" ignored="0" total="1" passed="1">
  <reporter-output>
  </reporter-output>
  <suite name="Default suite" duration-ms="51059" started-at="2024-11-13T03:22:38Z" finished-at="2024-11-13T03:23:29Z">
    <groups>
    </groups>
    <test name="Default test" duration-ms="51059" started-at="2024-11-13T03:22:38Z" finished-at="2024-11-13T03:23:29Z">
      <class name="demotestng.ExampleValidationSauceDemo">
        <test-method status="PASS" signature="validationLoginLogout()[pri:0, instance:demotestng.ExampleValidationSauceDemo@46d56d67]" name="validationLoginLogout" duration-ms="51030" started-at="2024-11-13T03:22:38Z" finished-at="2024-11-13T03:23:29Z">
          <reporter-output>
          </reporter-output>
        </test-method> <!-- validationLoginLogout -->
      </class> <!-- demotestng.ExampleValidationSauceDemo -->
    </test> <!-- Default test -->
  </suite> <!-- Default suite -->
</testng-results>
